2020-05-23 09:18:26 [INFO] home 董玉涛 - admin于2020-05-23 09:18:26登录系统
2020-05-23 10:00:57 [DEBUG] home 董玉涛 - 保存洒水计划plan2，任务1, 调度时间为2020-05-23 08:00:00
2020-05-23 10:01:31 [DEBUG] home 董玉涛 - 保存洒水计划plan3，任务1, 调度时间为2020-05-24 08:30:00
2020-05-23 10:13:23 [DEBUG] home 董玉涛 - 保存洒水计划plan4，任务2, 调度时间为2020-05-26 10:00:00
2020-05-23 10:13:23 [DEBUG] home 董玉涛 - 保存洒水计划plan3，任务1, 调度时间为2020-05-25 07:00:00
2020-05-23 10:15:23 [DEBUG] home 董玉涛 - 取消洒水计划plan4
2020-05-23 10:16:31 [DEBUG] home 董玉涛 - 保存洒水计划plan3，任务1, 调度时间为2020-05-27 10:00:00
2020-05-23 10:18:04 [DEBUG] home 董玉涛 - 在取消所有洒水计划时，取消plan3，其调度时间为2020-5-27 9:59:00
2020-05-23 10:18:04 [INFO] home 董玉涛 - admin于2020-05-23 10:18:04取消所有洒水计划
2020-05-23 11:29:04 [INFO] home 董玉涛 - admin于2020-05-23 11:29:04登录系统
2020-05-23 14:37:28 [INFO] home 董玉涛 - admin于2020-05-23 14:37:28登录系统
2020-05-23 16:10:42 [INFO] home 董玉涛 - admin于2020-05-23 16:10:42登录系统
2020-05-23 16:10:51 [DEBUG] home 董玉涛 - 在取消所有洒水计划时，取消plan2-step2，其调度时间为2020-5-23 13:3:00
2020-05-23 16:10:51 [DEBUG] home 董玉涛 - 在取消所有洒水计划时，取消plan2-step1，其调度时间为2020-5-23 13:0:00
2020-05-23 16:10:51 [INFO] home 董玉涛 - admin于2020-05-23 16:10:51取消所有洒水计划
2020-05-23 22:04:04 [INFO] home 董玉涛 - admin于2020-05-23 22:04:04登录系统
2020-05-23 22:04:24 [INFO] home 董玉涛 - admin于2020-05-23 22:04:24登录系统
2020-05-23 22:09:40 [INFO] home 董玉涛 - admin于2020-05-23 22:09:40登录系统
2020-05-23 22:15:26 [INFO] home 董玉涛 - admin于2020-05-23 22:15:26登录系统
2020-05-23 22:22:58 [INFO] home 董玉涛 - admin于2020-05-23 22:22:58登录系统
2020-05-23 22:31:35 [INFO] home 董玉涛 - admin于2020-05-23 22:31:35登录系统
